{
  "uid" : "500d5ae262208f07",
  "name" : "test_failure",
  "fullName" : "test_pytest_allure.test_allure02#test_failure",
  "historyId" : "6e842a63c5073bf0cd031d3868a41693",
  "time" : {
    "start" : 1653276474288,
    "stop" : 1653276474289,
    "duration" : 1
  },
  "description" : "this test fails",
  "descriptionHtml" : "<p>this test fails</p>\n",
  "status" : "failed",
  "statusMessage" : "AssertionError: assert False",
  "statusTrace" : "@allure.feature('test_failure') #模块名\n    def test_failure():\n        \"\"\"this test fails\"\"\"\n>       assert False\nE       assert False\n\ntest_pytest_allure\\test_allure02.py:45: AssertionError",
  "flaky" : false,
  "newFailed" : false,
  "beforeStages" : [ ],
  "afterStages" : [ ],
  "labels" : [ {
    "name" : "feature",
    "value" : "test_failure"
  }, {
    "name" : "parentSuite",
    "value" : "test_pytest_allure"
  }, {
    "name" : "suite",
    "value" : "test_allure02"
  }, {
    "name" : "host",
    "value" : "PC-20210510KUZF"
  }, {
    "name" : "thread",
    "value" : "13068-MainThread"
  }, {
    "name" : "framework",
    "value" : "pytest"
  }, {
    "name" : "language",
    "value" : "cpython3"
  }, {
    "name" : "package",
    "value" : "test_pytest_allure.test_allure02"
  }, {
    "name" : "resultFormat",
    "value" : "allure2"
  } ],
  "parameters" : [ ],
  "links" : [ ],
  "hidden" : false,
  "retry" : false,
  "extra" : {
    "severity" : "normal",
    "retries" : [ ],
    "categories" : [ {
      "name" : "Product defects",
      "matchedStatuses" : [ ],
      "flaky" : false
    } ],
    "tags" : [ ]
  },
  "source" : "500d5ae262208f07.json",
  "parameterValues" : [ ]
}